[0.016s] Invoking command in '/ros-humble-ros1-bridge/build/ros1_bridge': CMAKE_PREFIX_PATH=/opt/ros/humble:${CMAKE_PREFIX_PATH} /usr/bin/cmake /ros-humble-ros1-bridge/src/ros1_bridge -DCMAKE_BUILD_TYPE=Release -DCMAKE_INSTALL_PREFIX=/ros-humble-ros1-bridge/install/ros1_bridge
[0.111s] -- The C compiler identification is GNU 11.4.0
[0.208s] -- The CXX compiler identification is GNU 11.4.0
[0.220s] -- Detecting C compiler ABI info
[0.360s] -- Detecting C compiler ABI info - done
[0.370s] -- Check for working C compiler: /usr/bin/cc - skipped
[0.370s] -- Detecting C compile features
[0.371s] -- Detecting C compile features - done
[0.376s] -- Detecting CXX compiler ABI info
[0.510s] -- Detecting CXX compiler ABI info - done
[0.521s] -- Check for working CXX compiler: /usr/bin/c++ - skipped
[0.522s] -- Detecting CXX compile features
[0.522s] -- Detecting CXX compile features - done
[0.524s] Using ACTION_GOAL_RESPONSE_CB_CONST
[0.527s] -- Found rmw: 6.1.2 (/opt/ros/humble/share/rmw/cmake)
[0.774s] -- Found Python3: /usr/bin/python3 (found version "3.10.12") found components: Interpreter 
[0.941s] -- Found rclcpp: 16.0.10 (/opt/ros/humble/share/rclcpp/cmake)
[0.978s] -- Found rosidl_generator_c: 3.1.5 (/opt/ros/humble/share/rosidl_generator_c/cmake)
[0.986s] -- Found rosidl_adapter: 3.1.5 (/opt/ros/humble/share/rosidl_adapter/cmake)
[0.998s] -- Found rosidl_generator_cpp: 3.1.5 (/opt/ros/humble/share/rosidl_generator_cpp/cmake)
[1.010s] -- Using all available rosidl_typesupport_c: rosidl_typesupport_fastrtps_c;rosidl_typesupport_introspection_c
[1.032s] -- Using all available rosidl_typesupport_cpp: rosidl_typesupport_fastrtps_cpp;rosidl_typesupport_introspection_cpp
[1.096s] -- Found rmw_implementation_cmake: 6.1.2 (/opt/ros/humble/share/rmw_implementation_cmake/cmake)
[1.100s] -- Found rmw_fastrtps_cpp: 6.2.7 (/opt/ros/humble/share/rmw_fastrtps_cpp/cmake)
[1.263s] -- Found OpenSSL: /usr/lib/x86_64-linux-gnu/libcrypto.so (found version "3.0.2")  
[1.314s] -- Found FastRTPS: /opt/ros/humble/include  
[1.387s] -- Using RMW implementation 'rmw_fastrtps_cpp' as default
[1.401s] -- Looking for pthread.h
[1.542s] -- Looking for pthread.h - found
[1.543s] -- Performing Test CMAKE_HAVE_LIBC_PTHREAD
[1.686s] -- Performing Test CMAKE_HAVE_LIBC_PTHREAD - Success
[1.688s] -- Found Threads: TRUE  
[1.765s] -- Found rclcpp_action: 16.0.10 (/opt/ros/humble/share/rclcpp_action/cmake)
[1.828s] -- Found PkgConfig: /usr/bin/pkg-config (found version "0.29.2") 
[1.842s] -- Checking for module 'roscpp'
[1.868s] --   Found roscpp, version 1.15.14
[1.957s] -- Checking for module 'std_msgs'
[1.985s] --   Found std_msgs, version 0.5.13
[2.084s] -- Checking for module 'actionlib'
[2.116s] --   Found actionlib, version 1.13.2
[2.777s] -- Checking for module 'actionlib_msgs'
[2.801s] --   Found actionlib_msgs, version 1.13.1
[2.896s] -- Checking for module 'bond'
[2.931s] --   Found bond, version 1.8.6
[3.010s] -- Checking for module 'diagnostic_msgs'
[3.034s] --   Found diagnostic_msgs, version 1.13.1
[3.104s] -- Checking for module 'dynamic_reconfigure'
[3.130s] --   Found dynamic_reconfigure, version 1.7.2
[3.212s] -- Checking for module 'geometry_msgs'
[3.235s] --   Found geometry_msgs, version 1.13.1
[3.331s] -- Checking for module 'map_msgs'
[3.372s] --   Found map_msgs, version 1.14.1
[3.455s] -- Checking for module 'move_base_msgs'
[3.487s] --   Found move_base_msgs, version 1.14.1
[3.576s] -- Checking for module 'nav_msgs'
[3.599s] --   Found nav_msgs, version 1.13.1
[3.715s] -- Checking for module 'rosgraph_msgs'
[3.737s] --   Found rosgraph_msgs, version 1.11.3
[3.833s] -- Checking for module 'rospy_tutorials'
[3.854s] --   Found rospy_tutorials, version 0.10.2
[3.921s] -- Checking for module 'sensor_msgs'
[3.945s] --   Found sensor_msgs, version 1.13.1
[4.039s] -- Checking for module 'shape_msgs'
[4.076s] --   Found shape_msgs, version 1.13.1
[4.165s] -- Checking for module 'stereo_msgs'
[4.190s] --   Found stereo_msgs, version 1.13.1
[4.271s] -- Checking for module 'tf'
[4.302s] --   Found tf, version 1.13.2
[4.421s] -- Checking for module 'tf2_msgs'
[4.453s] --   Found tf2_msgs, version 0.7.5
[4.556s] -- Checking for module 'trajectory_msgs'
[4.577s] --   Found trajectory_msgs, version 1.13.1
[4.662s] -- Checking for module 'turtlesim'
[4.691s] --   Found turtlesim, version 0.10.2
[4.774s] -- Checking for module 'visualization_msgs'
[4.803s] --   Found visualization_msgs, version 1.13.1
[4.896s] -- Checking for module 'roscpp_tutorials'
[4.926s] --   Found roscpp_tutorials, version 0.10.2
[5.038s] -- Checking for module 'rviz'
[5.066s] --   Found rviz, version 1.14.14
[5.235s] -- Checking for module 'std_srvs'
[5.267s] --   Found std_srvs, version 1.11.3
[5.355s] -- Checking for module 'topic_tools'
[5.384s] --   Found topic_tools, version 1.15.14
[5.466s] -- Found ament_lint_auto: 0.12.11 (/opt/ros/humble/share/ament_lint_auto/cmake)
[5.470s] -- Found diagnostic_msgs: 4.2.4 (/opt/ros/humble/share/diagnostic_msgs/cmake)
[5.506s] -- Checking for module 'roslaunch'
[5.527s] --   Found roslaunch, version 1.15.14
[5.796s] -- Found python_cmake_module: 0.10.0 (/opt/ros/humble/share/python_cmake_module/cmake)
[5.829s] -- Found PythonInterp: /usr/bin/python3 (found suitable version "3.10.12", minimum required is "3.6") 
[5.837s] -- Found PythonLibs: /usr/lib/x86_64-linux-gnu/libpython3.10.so (found suitable version "3.10.12", minimum required is "3.5") 
[5.837s] -- Using PYTHON_EXECUTABLE: /usr/bin/python3
[5.837s] -- Using PYTHON_INCLUDE_DIRS: /usr/include/python3.10
[5.837s] -- Using PYTHON_LIBRARIES: /usr/lib/x86_64-linux-gnu/libpython3.10.so
[5.869s] -- Found PythonExtra: .so  
[5.981s] -- Found gtest sources under '/opt/ros/humble/src/gtest_vendor': C++ tests using 'Google Test' will be built
[6.038s] -- Added test 'copyright' to check source files copyright and LICENSE
[6.049s] -- Added test 'cppcheck' to perform static code analysis on C / C++ code
[6.050s] -- Configured cppcheck include dirs: 
[6.050s] -- Configured cppcheck exclude dirs and/or files: 
[6.060s] -- Added test 'cpplint' to check C / C++ code against the Google style
[6.060s] -- Configured cpplint exclude dirs and/or files: 
[6.062s] -- Added test 'flake8' to check Python code syntax and style conventions
[6.065s] -- Added test 'lint_cmake' to check CMake code style
[6.067s] -- Added test 'pep257' to check Python code against some of the docstring style conventions in PEP 257
[6.078s] -- Added test 'uncrustify' to check C / C++ code style
[6.079s] -- Configured uncrustify additional arguments: 
[6.080s] -- Added test 'xmllint' to check XML markup files
[6.087s] -- Found action_msgs: 1.2.1 (/opt/ros/humble/share/action_msgs/cmake)
[6.110s] -- Found action_tutorials_interfaces: 0.20.5 (/opt/ros/humble/share/action_tutorials_interfaces/cmake)
[6.132s] -- Found actionlib_msgs: 4.2.4 (/opt/ros/humble/share/actionlib_msgs/cmake)
[6.132s] -- Found builtin_interfaces: 1.2.1 (/opt/ros/humble/share/builtin_interfaces/cmake)
[6.152s] -- Found composition_interfaces: 1.2.1 (/opt/ros/humble/share/composition_interfaces/cmake)
[6.152s] -- Found diagnostic_msgs: 4.2.4 (/opt/ros/humble/share/diagnostic_msgs/cmake)
[6.175s] -- Found example_interfaces: 0.9.3 (/opt/ros/humble/share/example_interfaces/cmake)
[6.176s] -- Found geometry_msgs: 4.2.4 (/opt/ros/humble/share/geometry_msgs/cmake)
[6.193s] -- Found lifecycle_msgs: 1.2.1 (/opt/ros/humble/share/lifecycle_msgs/cmake)
[6.209s] -- Found logging_demo: 0.20.5 (/opt/ros/humble/share/logging_demo/cmake)
[6.277s] -- Found map_msgs: 2.1.0 (/opt/ros/humble/share/map_msgs/cmake)
[6.279s] -- Found nav_msgs: 4.2.4 (/opt/ros/humble/share/nav_msgs/cmake)
[6.317s] -- Found pcl_msgs: 1.0.0 (/opt/ros/humble/share/pcl_msgs/cmake)
[6.335s] -- Found pendulum_msgs: 0.20.5 (/opt/ros/humble/share/pendulum_msgs/cmake)
[6.336s] -- Found rcl_interfaces: 1.2.1 (/opt/ros/humble/share/rcl_interfaces/cmake)
[6.336s] -- Found rmw_dds_common: 1.6.0 (/opt/ros/humble/share/rmw_dds_common/cmake)
[6.355s] -- Found rosbag2_interfaces: 0.15.12 (/opt/ros/humble/share/rosbag2_interfaces/cmake)
[6.355s] -- Found rosgraph_msgs: 1.2.1 (/opt/ros/humble/share/rosgraph_msgs/cmake)
[6.355s] -- Found sensor_msgs: 4.2.4 (/opt/ros/humble/share/sensor_msgs/cmake)
[6.378s] -- Found shape_msgs: 4.2.4 (/opt/ros/humble/share/shape_msgs/cmake)
[6.379s] -- Found statistics_msgs: 1.2.1 (/opt/ros/humble/share/statistics_msgs/cmake)
[6.380s] -- Found std_msgs: 4.2.4 (/opt/ros/humble/share/std_msgs/cmake)
[6.407s] -- Found std_srvs: 4.2.4 (/opt/ros/humble/share/std_srvs/cmake)
[6.446s] -- Found stereo_msgs: 4.2.4 (/opt/ros/humble/share/stereo_msgs/cmake)
[6.476s] -- Found tf2_msgs: 0.25.8 (/opt/ros/humble/share/tf2_msgs/cmake)
[6.534s] -- Found trajectory_msgs: 4.2.4 (/opt/ros/humble/share/trajectory_msgs/cmake)
[6.556s] -- Found turtlesim: 1.4.2 (/opt/ros/humble/share/turtlesim/cmake)
[6.556s] -- Found unique_identifier_msgs: 2.2.1 (/opt/ros/humble/share/unique_identifier_msgs/cmake)
[6.597s] -- Found visualization_msgs: 4.2.4 (/opt/ros/humble/share/visualization_msgs/cmake)
[6.892s] -- Configuring done
[7.340s] -- Generating done
[7.406s] -- Build files have been written to: /ros-humble-ros1-bridge/build/ros1_bridge
[7.434s] Invoked command in '/ros-humble-ros1-bridge/build/ros1_bridge' returned '0': CMAKE_PREFIX_PATH=/opt/ros/humble:${CMAKE_PREFIX_PATH} /usr/bin/cmake /ros-humble-ros1-bridge/src/ros1_bridge -DCMAKE_BUILD_TYPE=Release -DCMAKE_INSTALL_PREFIX=/ros-humble-ros1-bridge/install/ros1_bridge
[7.438s] Invoking command in '/ros-humble-ros1-bridge/build/ros1_bridge': CMAKE_PREFIX_PATH=/opt/ros/humble:${CMAKE_PREFIX_PATH} /usr/bin/cmake --build /ros-humble-ros1-bridge/build/ros1_bridge
[7.560s] [  0%] Generating factories for interface types
[7.571s] [  1%] Building CXX object gtest/CMakeFiles/gtest.dir/src/gtest-all.cc.o
[7.571s] [  1%] Building CXX object gtest/CMakeFiles/gtest_main.dir/src/gtest_main.cc.o
[7.572s] [  2%] Building CXX object CMakeFiles/simple_bridge_2_to_1.dir/src/simple_bridge_2_to_1.cpp.o
[7.575s] [  2%] Building CXX object CMakeFiles/simple_bridge_1_to_2.dir/src/simple_bridge_1_to_2.cpp.o
[7.575s] [  2%] Building CXX object CMakeFiles/simple_bridge.dir/src/simple_bridge.cpp.o
[7.576s] [  3%] Building CXX object CMakeFiles/test_ros2_client_cpp.dir/test/test_ros2_client.cpp.o
[7.576s] [  4%] Building CXX object CMakeFiles/test_ros2_server_cpp.dir/test/test_ros2_server.cpp.o
[7.576s] [  4%] Building CXX object CMakeFiles/test_ros1_client.dir/test/test_ros1_client.cpp.o
[7.576s] [  4%] Building CXX object CMakeFiles/test_ros1_server.dir/test/test_ros1_server.cpp.o
[7.588s] [  4%] Built target ament_cmake_python_copy_ros1_bridge
[7.946s] running egg_info
[7.946s] creating ros1_bridge.egg-info
[7.947s] writing ros1_bridge.egg-info/PKG-INFO
[7.948s] writing dependency_links to ros1_bridge.egg-info/dependency_links.txt
[7.948s] writing top-level names to ros1_bridge.egg-info/top_level.txt
[7.948s] writing manifest file 'ros1_bridge.egg-info/SOURCES.txt'
[7.950s] reading manifest file 'ros1_bridge.egg-info/SOURCES.txt'
[7.950s] writing manifest file 'ros1_bridge.egg-info/SOURCES.txt'
[7.990s] [  4%] Built target ament_cmake_python_build_ros1_bridge_egg
[8.432s] [  4%] Linking CXX static library libgtest_main.a
[8.493s] [  4%] Built target gtest_main
[10.667s] [  4%] Linking CXX executable test_ros1_client
[10.857s] [  4%] Built target test_ros1_client
[10.878s] [  5%] Linking CXX executable test_ros1_server
[11.068s] [  5%] Built target test_ros1_server
[12.985s] [  5%] Linking CXX executable test_ros2_client_cpp
[13.181s] [  5%] Linking CXX executable test_ros2_server_cpp
[13.186s] [  5%] Built target test_ros2_client_cpp
[13.392s] [  5%] Built target test_ros2_server_cpp
[17.332s] [  5%] Linking CXX executable simple_bridge_1_to_2
[17.360s] [  5%] Linking CXX static library libgtest.a
[17.439s] [  5%] Built target gtest
[17.595s] [  5%] Built target simple_bridge_1_to_2
[24.087s] [  5%] Linking CXX executable simple_bridge_2_to_1
[24.380s] [  6%] Linking CXX executable simple_bridge
[24.392s] [  6%] Built target simple_bridge_2_to_1
[24.702s] [  6%] Built target simple_bridge
[25.947s] [  6%] Building CXX object CMakeFiles/ros1_bridge.dir/generated/get_factory.cpp.o
[25.947s] [  7%] Building CXX object CMakeFiles/ros1_bridge.dir/src/convert_builtin_interfaces.cpp.o
[25.949s] [  8%] Building CXX object CMakeFiles/ros1_bridge.dir/generated/action_msgs__msg__GoalInfo__factories.cpp.o
[25.949s] [  8%] Building CXX object CMakeFiles/ros1_bridge.dir/generated/action_msgs__msg__GoalStatus__factories.cpp.o
[25.949s] [  9%] Building CXX object CMakeFiles/ros1_bridge.dir/generated/get_mappings.cpp.o
[25.949s] [  9%] Building CXX object CMakeFiles/ros1_bridge.dir/src/bridge.cpp.o
[25.950s] [  9%] Building CXX object CMakeFiles/ros1_bridge.dir/src/builtin_interfaces_factories.cpp.o
[25.951s] [  9%] Building CXX object CMakeFiles/ros1_bridge.dir/generated/action_msgs__msg__GoalStatusArray__factories.cpp.o
[25.951s] [  9%] Building CXX object CMakeFiles/ros1_bridge.dir/generated/action_msgs__srv__CancelGoal__factories.cpp.o
[25.952s] [  9%] Building CXX object CMakeFiles/ros1_bridge.dir/generated/action_msgs_factories.cpp.o
[25.952s] [  9%] Building CXX object CMakeFiles/ros1_bridge.dir/generated/actionlib_msgs_factories.cpp.o
[25.953s] [ 10%] Building CXX object CMakeFiles/ros1_bridge.dir/generated/action_tutorials_interfaces_factories.cpp.o
[25.955s] [ 10%] Building CXX object CMakeFiles/ros1_bridge.dir/generated/action_tutorials_interfaces__action__Fibonacci__factories.cpp.o
[25.956s] [ 10%] Building CXX object CMakeFiles/ros1_bridge.dir/generated/actionlib_msgs__msg__GoalStatusArray__factories.cpp.o
[25.956s] [ 11%] Building CXX object CMakeFiles/ros1_bridge.dir/generated/actionlib_msgs__msg__GoalID__factories.cpp.o
[25.956s] [ 11%] Building CXX object CMakeFiles/ros1_bridge.dir/generated/composition_interfaces_factories.cpp.o
[25.957s] [ 11%] Building CXX object CMakeFiles/ros1_bridge.dir/generated/actionlib_msgs__msg__GoalStatus__factories.cpp.o
[25.959s] [ 11%] Building CXX object CMakeFiles/ros1_bridge.dir/generated/composition_interfaces__srv__ListNodes__factories.cpp.o
[25.959s] [ 12%] Building CXX object CMakeFiles/ros1_bridge.dir/generated/composition_interfaces__srv__LoadNode__factories.cpp.o
[25.960s] [ 12%] Building CXX object CMakeFiles/ros1_bridge.dir/generated/diagnostic_msgs__msg__DiagnosticArray__factories.cpp.o
[25.960s] [ 12%] Building CXX object CMakeFiles/ros1_bridge.dir/generated/composition_interfaces__srv__UnloadNode__factories.cpp.o
[25.962s] [ 13%] Building CXX object CMakeFiles/ros1_bridge.dir/generated/diagnostic_msgs_factories.cpp.o
[25.962s] [ 13%] Building CXX object CMakeFiles/ros1_bridge.dir/generated/diagnostic_msgs__msg__DiagnosticStatus__factories.cpp.o
[25.963s] [ 13%] Building CXX object CMakeFiles/ros1_bridge.dir/generated/diagnostic_msgs__srv__AddDiagnostics__factories.cpp.o
[25.964s] [ 14%] Building CXX object CMakeFiles/ros1_bridge.dir/generated/diagnostic_msgs__msg__KeyValue__factories.cpp.o
[25.965s] [ 14%] Building CXX object CMakeFiles/ros1_bridge.dir/generated/example_interfaces__action__Fibonacci__factories.cpp.o
[25.965s] [ 14%] Building CXX object CMakeFiles/ros1_bridge.dir/generated/diagnostic_msgs__srv__SelfTest__factories.cpp.o
[25.965s] [ 15%] Building CXX object CMakeFiles/ros1_bridge.dir/generated/example_interfaces__msg__Byte__factories.cpp.o
[25.966s] [ 16%] Building CXX object CMakeFiles/ros1_bridge.dir/generated/example_interfaces__msg__Bool__factories.cpp.o
[25.966s] [ 16%] Building CXX object CMakeFiles/ros1_bridge.dir/generated/example_interfaces_factories.cpp.o
[25.977s] [ 16%] Building CXX object CMakeFiles/ros1_bridge.dir/generated/example_interfaces__msg__ByteMultiArray__factories.cpp.o
[25.978s] [ 16%] Building CXX object CMakeFiles/ros1_bridge.dir/generated/example_interfaces__msg__Char__factories.cpp.o
[25.982s] [ 17%] Building CXX object CMakeFiles/ros1_bridge.dir/generated/example_interfaces__msg__Empty__factories.cpp.o
[25.983s] [ 17%] Building CXX object CMakeFiles/ros1_bridge.dir/generated/example_interfaces__msg__Float32__factories.cpp.o
[25.997s] [ 17%] Building CXX object CMakeFiles/ros1_bridge.dir/generated/example_interfaces__msg__Float32MultiArray__factories.cpp.o
[26.004s] [ 18%] Building CXX object CMakeFiles/ros1_bridge.dir/generated/example_interfaces__msg__Float64__factories.cpp.o
[26.005s] [ 18%] Building CXX object CMakeFiles/ros1_bridge.dir/generated/example_interfaces__msg__Int32__factories.cpp.o
[26.005s] [ 18%] Building CXX object CMakeFiles/ros1_bridge.dir/generated/example_interfaces__msg__Float64MultiArray__factories.cpp.o
[26.005s] [ 18%] Building CXX object CMakeFiles/ros1_bridge.dir/generated/example_interfaces__msg__Int16__factories.cpp.o
[26.007s] [ 18%] Building CXX object CMakeFiles/ros1_bridge.dir/generated/example_interfaces__msg__Int8MultiArray__factories.cpp.o
[26.010s] [ 18%] Building CXX object CMakeFiles/ros1_bridge.dir/generated/example_interfaces__msg__Int64__factories.cpp.o
[26.011s] [ 18%] Building CXX object CMakeFiles/ros1_bridge.dir/generated/example_interfaces__msg__Int32MultiArray__factories.cpp.o
[26.011s] [ 20%] Building CXX object CMakeFiles/ros1_bridge.dir/generated/example_interfaces__msg__Int64MultiArray__factories.cpp.o
[26.012s] [ 20%] Building CXX object CMakeFiles/ros1_bridge.dir/generated/example_interfaces__msg__Int16MultiArray__factories.cpp.o
[26.012s] [ 21%] Building CXX object CMakeFiles/ros1_bridge.dir/generated/example_interfaces__msg__MultiArrayDimension__factories.cpp.o
[26.016s] [ 21%] Building CXX object CMakeFiles/ros1_bridge.dir/generated/example_interfaces__msg__Int8__factories.cpp.o
[26.037s] [ 21%] Building CXX object CMakeFiles/ros1_bridge.dir/generated/example_interfaces__msg__String__factories.cpp.o
[26.043s] [ 21%] Building CXX object CMakeFiles/ros1_bridge.dir/generated/example_interfaces__msg__MultiArrayLayout__factories.cpp.o
[31.266s] [ 22%] Building CXX object CMakeFiles/ros1_bridge.dir/generated/example_interfaces__msg__UInt16__factories.cpp.o
[35.000s] [ 22%] Building CXX object CMakeFiles/ros1_bridge.dir/generated/example_interfaces__msg__UInt16MultiArray__factories.cpp.o
[49.408s] [ 22%] Building CXX object CMakeFiles/ros1_bridge.dir/generated/example_interfaces__msg__UInt32__factories.cpp.o
[53.403s] [ 23%] Building CXX object CMakeFiles/ros1_bridge.dir/generated/example_interfaces__msg__UInt32MultiArray__factories.cpp.o
[53.556s] [ 23%] Building CXX object CMakeFiles/ros1_bridge.dir/generated/example_interfaces__msg__UInt64__factories.cpp.o
[53.695s] [ 23%] Building CXX object CMakeFiles/ros1_bridge.dir/generated/example_interfaces__msg__UInt64MultiArray__factories.cpp.o
[53.751s] [ 24%] Building CXX object CMakeFiles/ros1_bridge.dir/generated/example_interfaces__msg__UInt8__factories.cpp.o
[53.854s] [ 24%] Building CXX object CMakeFiles/ros1_bridge.dir/generated/example_interfaces__msg__UInt8MultiArray__factories.cpp.o
[53.900s] [ 24%] Building CXX object CMakeFiles/ros1_bridge.dir/generated/example_interfaces__msg__WString__factories.cpp.o
[53.990s] [ 25%] Building CXX object CMakeFiles/ros1_bridge.dir/generated/example_interfaces__srv__AddTwoInts__factories.cpp.o
[54.014s] [ 25%] Building CXX object CMakeFiles/ros1_bridge.dir/generated/example_interfaces__srv__Trigger__factories.cpp.o
[54.023s] [ 25%] Building CXX object CMakeFiles/ros1_bridge.dir/generated/example_interfaces__srv__SetBool__factories.cpp.o
[54.241s] [ 26%] Building CXX object CMakeFiles/ros1_bridge.dir/generated/geometry_msgs_factories.cpp.o
[54.285s] [ 26%] Building CXX object CMakeFiles/ros1_bridge.dir/generated/geometry_msgs__msg__Accel__factories.cpp.o
[54.409s] [ 26%] Building CXX object CMakeFiles/ros1_bridge.dir/generated/geometry_msgs__msg__AccelStamped__factories.cpp.o
[54.558s] [ 27%] Building CXX object CMakeFiles/ros1_bridge.dir/generated/geometry_msgs__msg__AccelWithCovariance__factories.cpp.o
[54.629s] [ 27%] Building CXX object CMakeFiles/ros1_bridge.dir/generated/geometry_msgs__msg__AccelWithCovarianceStamped__factories.cpp.o
[54.849s] [ 28%] Building CXX object CMakeFiles/ros1_bridge.dir/generated/geometry_msgs__msg__InertiaStamped__factories.cpp.o
[54.850s] [ 28%] Building CXX object CMakeFiles/ros1_bridge.dir/generated/geometry_msgs__msg__Inertia__factories.cpp.o
[54.939s] [ 28%] Building CXX object CMakeFiles/ros1_bridge.dir/generated/geometry_msgs__msg__Point__factories.cpp.o
[55.132s] [ 28%] Building CXX object CMakeFiles/ros1_bridge.dir/generated/geometry_msgs__msg__Point32__factories.cpp.o
[55.144s] [ 28%] Building CXX object CMakeFiles/ros1_bridge.dir/generated/geometry_msgs__msg__PointStamped__factories.cpp.o
[55.260s] [ 29%] Building CXX object CMakeFiles/ros1_bridge.dir/generated/geometry_msgs__msg__Polygon__factories.cpp.o
[55.857s] [ 29%] Building CXX object CMakeFiles/ros1_bridge.dir/generated/geometry_msgs__msg__PolygonStamped__factories.cpp.o
[56.438s] [ 30%] Building CXX object CMakeFiles/ros1_bridge.dir/generated/geometry_msgs__msg__Pose2D__factories.cpp.o
[56.443s] [ 30%] Building CXX object CMakeFiles/ros1_bridge.dir/generated/geometry_msgs__msg__Pose__factories.cpp.o
[56.524s] [ 30%] Building CXX object CMakeFiles/ros1_bridge.dir/generated/geometry_msgs__msg__PoseArray__factories.cpp.o
[56.689s] [ 30%] Building CXX object CMakeFiles/ros1_bridge.dir/generated/geometry_msgs__msg__PoseStamped__factories.cpp.o
[56.690s] [ 31%] Building CXX object CMakeFiles/ros1_bridge.dir/generated/geometry_msgs__msg__PoseWithCovariance__factories.cpp.o
[56.734s] [ 31%] Building CXX object CMakeFiles/ros1_bridge.dir/generated/geometry_msgs__msg__PoseWithCovarianceStamped__factories.cpp.o
[56.942s] [ 31%] Building CXX object CMakeFiles/ros1_bridge.dir/generated/geometry_msgs__msg__Quaternion__factories.cpp.o
[57.225s] [ 32%] Building CXX object CMakeFiles/ros1_bridge.dir/generated/geometry_msgs__msg__QuaternionStamped__factories.cpp.o
[57.533s] [ 32%] Building CXX object CMakeFiles/ros1_bridge.dir/generated/geometry_msgs__msg__Transform__factories.cpp.o
[57.668s] [ 32%] Building CXX object CMakeFiles/ros1_bridge.dir/generated/geometry_msgs__msg__TransformStamped__factories.cpp.o
[57.672s] [ 33%] Building CXX object CMakeFiles/ros1_bridge.dir/generated/geometry_msgs__msg__Twist__factories.cpp.o
[57.818s] [ 33%] Building CXX object CMakeFiles/ros1_bridge.dir/generated/geometry_msgs__msg__TwistStamped__factories.cpp.o
[57.942s] [ 33%] Building CXX object CMakeFiles/ros1_bridge.dir/generated/geometry_msgs__msg__TwistWithCovariance__factories.cpp.o
[58.035s] [ 34%] Building CXX object CMakeFiles/ros1_bridge.dir/generated/geometry_msgs__msg__TwistWithCovarianceStamped__factories.cpp.o
[58.767s] [ 34%] Building CXX object CMakeFiles/ros1_bridge.dir/generated/geometry_msgs__msg__Vector3__factories.cpp.o
[59.003s] [ 34%] Building CXX object CMakeFiles/ros1_bridge.dir/generated/geometry_msgs__msg__Vector3Stamped__factories.cpp.o
[59.143s] [ 35%] Building CXX object CMakeFiles/ros1_bridge.dir/generated/geometry_msgs__msg__VelocityStamped__factories.cpp.o
[62.806s] [ 35%] Building CXX object CMakeFiles/ros1_bridge.dir/generated/geometry_msgs__msg__Wrench__factories.cpp.o
[64.834s] [ 35%] Building CXX object CMakeFiles/ros1_bridge.dir/generated/geometry_msgs__msg__WrenchStamped__factories.cpp.o
[67.450s] [ 36%] Building CXX object CMakeFiles/ros1_bridge.dir/generated/lifecycle_msgs_factories.cpp.o
[75.036s] [ 36%] Building CXX object CMakeFiles/ros1_bridge.dir/generated/lifecycle_msgs__msg__State__factories.cpp.o
[76.695s] [ 36%] Building CXX object CMakeFiles/ros1_bridge.dir/generated/lifecycle_msgs__msg__Transition__factories.cpp.o
[77.492s] [ 36%] Building CXX object CMakeFiles/ros1_bridge.dir/generated/lifecycle_msgs__msg__TransitionDescription__factories.cpp.o
[78.013s] [ 37%] Building CXX object CMakeFiles/ros1_bridge.dir/generated/lifecycle_msgs__msg__TransitionEvent__factories.cpp.o
[78.565s] [ 37%] Building CXX object CMakeFiles/ros1_bridge.dir/generated/lifecycle_msgs__srv__ChangeState__factories.cpp.o
[78.615s] [ 37%] Building CXX object CMakeFiles/ros1_bridge.dir/generated/lifecycle_msgs__srv__GetAvailableStates__factories.cpp.o
[78.952s] [ 38%] Building CXX object CMakeFiles/ros1_bridge.dir/generated/lifecycle_msgs__srv__GetAvailableTransitions__factories.cpp.o
[78.995s] [ 38%] Building CXX object CMakeFiles/ros1_bridge.dir/generated/logging_demo_factories.cpp.o
[78.996s] [ 38%] Building CXX object CMakeFiles/ros1_bridge.dir/generated/lifecycle_msgs__srv__GetState__factories.cpp.o
[79.122s] [ 39%] Building CXX object CMakeFiles/ros1_bridge.dir/generated/logging_demo__srv__ConfigLogger__factories.cpp.o
[79.954s] [ 39%] Building CXX object CMakeFiles/ros1_bridge.dir/generated/map_msgs_factories.cpp.o
[80.099s] [ 39%] Building CXX object CMakeFiles/ros1_bridge.dir/generated/map_msgs__msg__OccupancyGridUpdate__factories.cpp.o
[81.318s] [ 40%] Building CXX object CMakeFiles/ros1_bridge.dir/generated/map_msgs__msg__PointCloud2Update__factories.cpp.o
[81.707s] [ 40%] Building CXX object CMakeFiles/ros1_bridge.dir/generated/map_msgs__msg__ProjectedMapInfo__factories.cpp.o
[82.714s] [ 40%] Building CXX object CMakeFiles/ros1_bridge.dir/generated/map_msgs__msg__ProjectedMap__factories.cpp.o
[83.087s] [ 41%] Building CXX object CMakeFiles/ros1_bridge.dir/generated/map_msgs__srv__GetMapROI__factories.cpp.o
[83.848s] [ 41%] Building CXX object CMakeFiles/ros1_bridge.dir/generated/map_msgs__srv__GetPointMapROI__factories.cpp.o
[87.272s] [ 41%] Building CXX object CMakeFiles/ros1_bridge.dir/generated/map_msgs__srv__GetPointMap__factories.cpp.o
[92.313s] [ 42%] Building CXX object CMakeFiles/ros1_bridge.dir/generated/map_msgs__srv__ProjectedMapsInfo__factories.cpp.o
[94.667s] [ 42%] Building CXX object CMakeFiles/ros1_bridge.dir/generated/map_msgs__srv__SaveMap__factories.cpp.o
[96.194s] [ 42%] Building CXX object CMakeFiles/ros1_bridge.dir/generated/map_msgs__srv__SetMapProjections__factories.cpp.o
[96.299s] [ 43%] Building CXX object CMakeFiles/ros1_bridge.dir/generated/nav_msgs_factories.cpp.o
[96.467s] [ 43%] Building CXX object CMakeFiles/ros1_bridge.dir/generated/nav_msgs__msg__GridCells__factories.cpp.o
[96.711s] [ 44%] Building CXX object CMakeFiles/ros1_bridge.dir/generated/nav_msgs__msg__OccupancyGrid__factories.cpp.o
[96.711s] [ 44%] Building CXX object CMakeFiles/ros1_bridge.dir/generated/nav_msgs__msg__MapMetaData__factories.cpp.o
[96.749s] [ 44%] Building CXX object CMakeFiles/ros1_bridge.dir/generated/nav_msgs__msg__Odometry__factories.cpp.o
[97.057s] [ 44%] Building CXX object CMakeFiles/ros1_bridge.dir/generated/nav_msgs__msg__Path__factories.cpp.o
[97.380s] [ 44%] Building CXX object CMakeFiles/ros1_bridge.dir/generated/nav_msgs__srv__GetMap__factories.cpp.o
[97.917s] [ 45%] Building CXX object CMakeFiles/ros1_bridge.dir/generated/nav_msgs__srv__GetPlan__factories.cpp.o
[98.572s] [ 45%] Building CXX object CMakeFiles/ros1_bridge.dir/generated/nav_msgs__srv__LoadMap__factories.cpp.o
[99.741s] [ 45%] Building CXX object CMakeFiles/ros1_bridge.dir/generated/nav_msgs__srv__SetMap__factories.cpp.o
[100.448s] [ 46%] Building CXX object CMakeFiles/ros1_bridge.dir/generated/pcl_msgs_factories.cpp.o
[100.660s] [ 46%] Building CXX object CMakeFiles/ros1_bridge.dir/generated/pcl_msgs__msg__ModelCoefficients__factories.cpp.o
[101.250s] [ 46%] Building CXX object CMakeFiles/ros1_bridge.dir/generated/pcl_msgs__msg__PointIndices__factories.cpp.o
[101.370s] [ 47%] Building CXX object CMakeFiles/ros1_bridge.dir/generated/pcl_msgs__msg__PolygonMesh__factories.cpp.o
[101.702s] [ 47%] Building CXX object CMakeFiles/ros1_bridge.dir/generated/pcl_msgs__msg__Vertices__factories.cpp.o
[102.619s] [ 47%] Building CXX object CMakeFiles/ros1_bridge.dir/generated/pcl_msgs__srv__UpdateFilename__factories.cpp.o
[102.895s] [ 48%] Building CXX object CMakeFiles/ros1_bridge.dir/generated/pendulum_msgs_factories.cpp.o
[103.236s] [ 48%] Building CXX object CMakeFiles/ros1_bridge.dir/generated/pendulum_msgs__msg__JointState__factories.cpp.o
[103.697s] [ 48%] Building CXX object CMakeFiles/ros1_bridge.dir/generated/pendulum_msgs__msg__JointCommand__factories.cpp.o
[104.151s] [ 49%] Building CXX object CMakeFiles/ros1_bridge.dir/generated/pendulum_msgs__msg__RttestResults__factories.cpp.o
[104.272s] [ 49%] Building CXX object CMakeFiles/ros1_bridge.dir/generated/rcl_interfaces_factories.cpp.o
[104.592s] [ 49%] Building CXX object CMakeFiles/ros1_bridge.dir/generated/rcl_interfaces__msg__FloatingPointRange__factories.cpp.o
[104.641s] [ 50%] Building CXX object CMakeFiles/ros1_bridge.dir/generated/rcl_interfaces__msg__IntegerRange__factories.cpp.o
[104.753s] [ 50%] Building CXX object CMakeFiles/ros1_bridge.dir/generated/rcl_interfaces__msg__ListParametersResult__factories.cpp.o
[104.777s] [ 50%] Building CXX object CMakeFiles/ros1_bridge.dir/generated/rcl_interfaces__msg__Log__factories.cpp.o
[104.869s] [ 51%] Building CXX object CMakeFiles/ros1_bridge.dir/generated/rcl_interfaces__msg__ParameterDescriptor__factories.cpp.o
[104.898s] [ 51%] Building CXX object CMakeFiles/ros1_bridge.dir/generated/rcl_interfaces__msg__ParameterEventDescriptors__factories.cpp.o
[104.907s] [ 51%] Building CXX object CMakeFiles/ros1_bridge.dir/generated/rcl_interfaces__msg__ParameterEvent__factories.cpp.o
[104.970s] [ 52%] Building CXX object CMakeFiles/ros1_bridge.dir/generated/rcl_interfaces__msg__Parameter__factories.cpp.o
[104.991s] [ 52%] Building CXX object CMakeFiles/ros1_bridge.dir/generated/rcl_interfaces__msg__ParameterType__factories.cpp.o
[105.181s] [ 52%] Building CXX object CMakeFiles/ros1_bridge.dir/generated/rcl_interfaces__msg__ParameterValue__factories.cpp.o
[105.473s] [ 53%] Building CXX object CMakeFiles/ros1_bridge.dir/generated/rcl_interfaces__msg__SetParametersResult__factories.cpp.o
[105.538s] [ 53%] Building CXX object CMakeFiles/ros1_bridge.dir/generated/rcl_interfaces__srv__DescribeParameters__factories.cpp.o
[106.263s] [ 53%] Building CXX object CMakeFiles/ros1_bridge.dir/generated/rcl_interfaces__srv__GetParameters__factories.cpp.o
[106.799s] [ 53%] Building CXX object CMakeFiles/ros1_bridge.dir/generated/rcl_interfaces__srv__GetParameterTypes__factories.cpp.o
[106.913s] [ 54%] Building CXX object CMakeFiles/ros1_bridge.dir/generated/rcl_interfaces__srv__ListParameters__factories.cpp.o
[107.045s] [ 54%] Building CXX object CMakeFiles/ros1_bridge.dir/generated/rcl_interfaces__srv__SetParametersAtomically__factories.cpp.o
[107.191s] [ 54%] Building CXX object CMakeFiles/ros1_bridge.dir/generated/rcl_interfaces__srv__SetParameters__factories.cpp.o
[107.537s] [ 55%] Building CXX object CMakeFiles/ros1_bridge.dir/generated/rmw_dds_common_factories.cpp.o
[107.555s] [ 55%] Building CXX object CMakeFiles/ros1_bridge.dir/generated/rmw_dds_common__msg__Gid__factories.cpp.o
[109.614s] [ 55%] Building CXX object CMakeFiles/ros1_bridge.dir/generated/rmw_dds_common__msg__NodeEntitiesInfo__factories.cpp.o
[114.537s] [ 56%] Building CXX object CMakeFiles/ros1_bridge.dir/generated/rmw_dds_common__msg__ParticipantEntitiesInfo__factories.cpp.o
[116.962s] [ 56%] Building CXX object CMakeFiles/ros1_bridge.dir/generated/rosbag2_interfaces_factories.cpp.o
[118.090s] [ 56%] Building CXX object CMakeFiles/ros1_bridge.dir/generated/rosbag2_interfaces__msg__ReadSplitEvent__factories.cpp.o
[121.630s] [ 57%] Building CXX object CMakeFiles/ros1_bridge.dir/generated/rosbag2_interfaces__msg__WriteSplitEvent__factories.cpp.o
[121.862s] [ 57%] Building CXX object CMakeFiles/ros1_bridge.dir/generated/rosbag2_interfaces__srv__Burst__factories.cpp.o
[121.873s] [ 57%] Building CXX object CMakeFiles/ros1_bridge.dir/generated/rosbag2_interfaces__srv__GetRate__factories.cpp.o
[122.049s] [ 58%] Building CXX object CMakeFiles/ros1_bridge.dir/generated/rosbag2_interfaces__srv__IsPaused__factories.cpp.o
[122.490s] [ 58%] Building CXX object CMakeFiles/ros1_bridge.dir/generated/rosbag2_interfaces__srv__Pause__factories.cpp.o
[122.749s] [ 58%] Building CXX object CMakeFiles/ros1_bridge.dir/generated/rosbag2_interfaces__srv__PlayNext__factories.cpp.o
[122.768s] [ 59%] Building CXX object CMakeFiles/ros1_bridge.dir/generated/rosbag2_interfaces__srv__Resume__factories.cpp.o
[122.991s] [ 59%] Building CXX object CMakeFiles/ros1_bridge.dir/generated/rosbag2_interfaces__srv__Seek__factories.cpp.o
[123.830s] [ 59%] Building CXX object CMakeFiles/ros1_bridge.dir/generated/rosbag2_interfaces__srv__SetRate__factories.cpp.o
[124.198s] [ 60%] Building CXX object CMakeFiles/ros1_bridge.dir/generated/rosbag2_interfaces__srv__Snapshot__factories.cpp.o
[124.213s] [ 60%] Building CXX object CMakeFiles/ros1_bridge.dir/generated/rosbag2_interfaces__srv__TogglePaused__factories.cpp.o
[124.804s] [ 60%] Building CXX object CMakeFiles/ros1_bridge.dir/generated/rosgraph_msgs_factories.cpp.o
[124.945s] [ 61%] Building CXX object CMakeFiles/ros1_bridge.dir/generated/rosgraph_msgs__msg__Clock__factories.cpp.o
[125.118s] [ 61%] Building CXX object CMakeFiles/ros1_bridge.dir/generated/sensor_msgs_factories.cpp.o
[125.358s] [ 61%] Building CXX object CMakeFiles/ros1_bridge.dir/generated/sensor_msgs__msg__BatteryState__factories.cpp.o
[126.022s] [ 61%] Building CXX object CMakeFiles/ros1_bridge.dir/generated/sensor_msgs__msg__CameraInfo__factories.cpp.o
[126.366s] [ 62%] Building CXX object CMakeFiles/ros1_bridge.dir/generated/sensor_msgs__msg__ChannelFloat32__factories.cpp.o
[126.388s] [ 62%] Building CXX object CMakeFiles/ros1_bridge.dir/generated/sensor_msgs__msg__CompressedImage__factories.cpp.o
[126.450s] [ 62%] Building CXX object CMakeFiles/ros1_bridge.dir/generated/sensor_msgs__msg__FluidPressure__factories.cpp.o
[126.615s] [ 63%] Building CXX object CMakeFiles/ros1_bridge.dir/generated/sensor_msgs__msg__Illuminance__factories.cpp.o
[126.946s] [ 63%] Building CXX object CMakeFiles/ros1_bridge.dir/generated/sensor_msgs__msg__Image__factories.cpp.o
[127.035s] [ 63%] Building CXX object CMakeFiles/ros1_bridge.dir/generated/sensor_msgs__msg__Imu__factories.cpp.o
[127.129s] [ 64%] Building CXX object CMakeFiles/ros1_bridge.dir/generated/sensor_msgs__msg__JointState__factories.cpp.o
[127.394s] [ 64%] Building CXX object CMakeFiles/ros1_bridge.dir/generated/sensor_msgs__msg__Joy__factories.cpp.o
[127.471s] [ 64%] Building CXX object CMakeFiles/ros1_bridge.dir/generated/sensor_msgs__msg__JoyFeedback__factories.cpp.o
[128.142s] [ 65%] Building CXX object CMakeFiles/ros1_bridge.dir/generated/sensor_msgs__msg__JoyFeedbackArray__factories.cpp.o
[128.805s] [ 65%] Building CXX object CMakeFiles/ros1_bridge.dir/generated/sensor_msgs__msg__LaserEcho__factories.cpp.o
[129.160s] [ 65%] Building CXX object CMakeFiles/ros1_bridge.dir/generated/sensor_msgs__msg__LaserScan__factories.cpp.o
[129.324s] [ 66%] Building CXX object CMakeFiles/ros1_bridge.dir/generated/sensor_msgs__msg__MagneticField__factories.cpp.o
[129.485s] [ 66%] Building CXX object CMakeFiles/ros1_bridge.dir/generated/sensor_msgs__msg__MultiDOFJointState__factories.cpp.o
[129.563s] [ 66%] Building CXX object CMakeFiles/ros1_bridge.dir/generated/sensor_msgs__msg__MultiEchoLaserScan__factories.cpp.o
[129.924s] [ 67%] Building CXX object CMakeFiles/ros1_bridge.dir/generated/sensor_msgs__msg__NavSatFix__factories.cpp.o
[129.952s] [ 67%] Building CXX object CMakeFiles/ros1_bridge.dir/generated/sensor_msgs__msg__NavSatStatus__factories.cpp.o
[130.165s] [ 67%] Building CXX object CMakeFiles/ros1_bridge.dir/generated/sensor_msgs__msg__PointCloud__factories.cpp.o
[130.203s] [ 68%] Building CXX object CMakeFiles/ros1_bridge.dir/generated/sensor_msgs__msg__PointCloud2__factories.cpp.o
[130.627s] [ 68%] Building CXX object CMakeFiles/ros1_bridge.dir/generated/sensor_msgs__msg__PointField__factories.cpp.o
[130.639s] [ 68%] Building CXX object CMakeFiles/ros1_bridge.dir/generated/sensor_msgs__msg__Range__factories.cpp.o
[130.939s] [ 69%] Building CXX object CMakeFiles/ros1_bridge.dir/generated/sensor_msgs__msg__RegionOfInterest__factories.cpp.o
[131.636s] [ 69%] Building CXX object CMakeFiles/ros1_bridge.dir/generated/sensor_msgs__msg__RelativeHumidity__factories.cpp.o
[131.846s] [ 69%] Building CXX object CMakeFiles/ros1_bridge.dir/generated/sensor_msgs__msg__Temperature__factories.cpp.o
[132.347s] [ 69%] Building CXX object CMakeFiles/ros1_bridge.dir/generated/sensor_msgs__msg__TimeReference__factories.cpp.o
[135.471s] [ 70%] Building CXX object CMakeFiles/ros1_bridge.dir/generated/sensor_msgs__srv__SetCameraInfo__factories.cpp.o
[136.049s] [ 70%] Building CXX object CMakeFiles/ros1_bridge.dir/generated/shape_msgs_factories.cpp.o
[136.537s] [ 70%] Building CXX object CMakeFiles/ros1_bridge.dir/generated/shape_msgs__msg__Mesh__factories.cpp.o
[136.743s] [ 71%] Building CXX object CMakeFiles/ros1_bridge.dir/generated/shape_msgs__msg__MeshTriangle__factories.cpp.o
[136.785s] [ 71%] Building CXX object CMakeFiles/ros1_bridge.dir/generated/shape_msgs__msg__Plane__factories.cpp.o
[137.937s] [ 71%] Building CXX object CMakeFiles/ros1_bridge.dir/generated/shape_msgs__msg__SolidPrimitive__factories.cpp.o
[138.064s] [ 72%] Building CXX object CMakeFiles/ros1_bridge.dir/generated/statistics_msgs_factories.cpp.o
[141.446s] [ 72%] Building CXX object CMakeFiles/ros1_bridge.dir/generated/statistics_msgs__msg__MetricsMessage__factories.cpp.o
[143.004s] [ 72%] Building CXX object CMakeFiles/ros1_bridge.dir/generated/statistics_msgs__msg__StatisticDataPoint__factories.cpp.o
[143.588s] [ 73%] Building CXX object CMakeFiles/ros1_bridge.dir/generated/statistics_msgs__msg__StatisticDataType__factories.cpp.o
[143.659s] [ 73%] Building CXX object CMakeFiles/ros1_bridge.dir/generated/std_msgs_factories.cpp.o
[144.119s] [ 73%] Building CXX object CMakeFiles/ros1_bridge.dir/generated/std_msgs__msg__Bool__factories.cpp.o
[146.205s] [ 74%] Building CXX object CMakeFiles/ros1_bridge.dir/generated/std_msgs__msg__Byte__factories.cpp.o
[146.241s] [ 74%] Building CXX object CMakeFiles/ros1_bridge.dir/generated/std_msgs__msg__ByteMultiArray__factories.cpp.o
[146.582s] [ 74%] Building CXX object CMakeFiles/ros1_bridge.dir/generated/std_msgs__msg__Char__factories.cpp.o
[146.670s] [ 75%] Building CXX object CMakeFiles/ros1_bridge.dir/generated/std_msgs__msg__ColorRGBA__factories.cpp.o
[150.395s] [ 75%] Building CXX object CMakeFiles/ros1_bridge.dir/generated/std_msgs__msg__Empty__factories.cpp.o
[150.776s] [ 75%] Building CXX object CMakeFiles/ros1_bridge.dir/generated/std_msgs__msg__Float32__factories.cpp.o
[151.326s] [ 76%] Building CXX object CMakeFiles/ros1_bridge.dir/generated/std_msgs__msg__Float32MultiArray__factories.cpp.o
[151.455s] [ 76%] Building CXX object CMakeFiles/ros1_bridge.dir/generated/std_msgs__msg__Float64__factories.cpp.o
[157.744s] [ 76%] Building CXX object CMakeFiles/ros1_bridge.dir/generated/std_msgs__msg__Float64MultiArray__factories.cpp.o
[159.582s] [ 77%] Building CXX object CMakeFiles/ros1_bridge.dir/generated/std_msgs__msg__Header__factories.cpp.o
[161.364s] [ 77%] Building CXX object CMakeFiles/ros1_bridge.dir/generated/std_msgs__msg__Int16__factories.cpp.o
[162.892s] [ 77%] Building CXX object CMakeFiles/ros1_bridge.dir/generated/std_msgs__msg__Int16MultiArray__factories.cpp.o
[162.941s] [ 78%] Building CXX object CMakeFiles/ros1_bridge.dir/generated/std_msgs__msg__Int32__factories.cpp.o
[163.445s] [ 78%] Building CXX object CMakeFiles/ros1_bridge.dir/generated/std_msgs__msg__Int32MultiArray__factories.cpp.o
[166.058s] [ 78%] Building CXX object CMakeFiles/ros1_bridge.dir/generated/std_msgs__msg__Int64__factories.cpp.o
[171.460s] [ 78%] Building CXX object CMakeFiles/ros1_bridge.dir/generated/std_msgs__msg__Int64MultiArray__factories.cpp.o
[171.495s] [ 79%] Building CXX object CMakeFiles/ros1_bridge.dir/generated/std_msgs__msg__Int8__factories.cpp.o
[171.824s] [ 79%] Building CXX object CMakeFiles/ros1_bridge.dir/generated/std_msgs__msg__Int8MultiArray__factories.cpp.o
[172.404s] [ 79%] Building CXX object CMakeFiles/ros1_bridge.dir/generated/std_msgs__msg__MultiArrayDimension__factories.cpp.o
[172.437s] [ 80%] Building CXX object CMakeFiles/ros1_bridge.dir/generated/std_msgs__msg__MultiArrayLayout__factories.cpp.o
[173.760s] [ 80%] Building CXX object CMakeFiles/ros1_bridge.dir/generated/std_msgs__msg__String__factories.cpp.o
[174.489s] [ 80%] Building CXX object CMakeFiles/ros1_bridge.dir/generated/std_msgs__msg__UInt16__factories.cpp.o
[174.859s] [ 81%] Building CXX object CMakeFiles/ros1_bridge.dir/generated/std_msgs__msg__UInt16MultiArray__factories.cpp.o
[175.070s] [ 81%] Building CXX object CMakeFiles/ros1_bridge.dir/generated/std_msgs__msg__UInt32__factories.cpp.o
[175.228s] [ 81%] Building CXX object CMakeFiles/ros1_bridge.dir/generated/std_msgs__msg__UInt32MultiArray__factories.cpp.o
[175.512s] [ 82%] Building CXX object CMakeFiles/ros1_bridge.dir/generated/std_msgs__msg__UInt64__factories.cpp.o
[175.774s] [ 82%] Building CXX object CMakeFiles/ros1_bridge.dir/generated/std_msgs__msg__UInt64MultiArray__factories.cpp.o
[176.067s] [ 82%] Building CXX object CMakeFiles/ros1_bridge.dir/generated/std_msgs__msg__UInt8__factories.cpp.o
[176.383s] [ 83%] Building CXX object CMakeFiles/ros1_bridge.dir/generated/std_msgs__msg__UInt8MultiArray__factories.cpp.o
[176.939s] [ 83%] Building CXX object CMakeFiles/ros1_bridge.dir/generated/std_srvs_factories.cpp.o
[177.100s] [ 83%] Building CXX object CMakeFiles/ros1_bridge.dir/generated/std_srvs__srv__Empty__factories.cpp.o
[177.327s] [ 84%] Building CXX object CMakeFiles/ros1_bridge.dir/generated/std_srvs__srv__SetBool__factories.cpp.o
[178.124s] [ 84%] Building CXX object CMakeFiles/ros1_bridge.dir/generated/std_srvs__srv__Trigger__factories.cpp.o
[178.422s] [ 84%] Building CXX object CMakeFiles/ros1_bridge.dir/generated/stereo_msgs_factories.cpp.o
[178.594s] [ 85%] Building CXX object CMakeFiles/ros1_bridge.dir/generated/stereo_msgs__msg__DisparityImage__factories.cpp.o
[178.992s] [ 85%] Building CXX object CMakeFiles/ros1_bridge.dir/generated/tf2_msgs_factories.cpp.o
[179.327s] [ 85%] Building CXX object CMakeFiles/ros1_bridge.dir/generated/tf2_msgs__msg__TF2Error__factories.cpp.o
[179.547s] [ 86%] Building CXX object CMakeFiles/ros1_bridge.dir/generated/tf2_msgs__msg__TFMessage__factories.cpp.o
[179.754s] [ 86%] Building CXX object CMakeFiles/ros1_bridge.dir/generated/tf2_msgs__srv__FrameGraph__factories.cpp.o
[179.951s] [ 86%] Building CXX object CMakeFiles/ros1_bridge.dir/generated/tf2_msgs__action__LookupTransform__factories.cpp.o
[180.888s] [ 86%] Building CXX object CMakeFiles/ros1_bridge.dir/generated/trajectory_msgs_factories.cpp.o
[180.937s] [ 87%] Building CXX object CMakeFiles/ros1_bridge.dir/generated/trajectory_msgs__msg__JointTrajectory__factories.cpp.o
[181.136s] [ 87%] Building CXX object CMakeFiles/ros1_bridge.dir/generated/trajectory_msgs__msg__JointTrajectoryPoint__factories.cpp.o
[181.293s] [ 87%] Building CXX object CMakeFiles/ros1_bridge.dir/generated/trajectory_msgs__msg__MultiDOFJointTrajectory__factories.cpp.o
[181.505s] [ 88%] Building CXX object CMakeFiles/ros1_bridge.dir/generated/trajectory_msgs__msg__MultiDOFJointTrajectoryPoint__factories.cpp.o
[181.554s] [ 88%] Building CXX object CMakeFiles/ros1_bridge.dir/generated/turtlesim_factories.cpp.o
[181.877s] [ 88%] Building CXX object CMakeFiles/ros1_bridge.dir/generated/turtlesim__action__RotateAbsolute__factories.cpp.o
[182.911s] [ 89%] Building CXX object CMakeFiles/ros1_bridge.dir/generated/turtlesim__msg__Color__factories.cpp.o
[186.643s] [ 89%] Building CXX object CMakeFiles/ros1_bridge.dir/generated/turtlesim__msg__Pose__factories.cpp.o
[186.659s] [ 89%] Building CXX object CMakeFiles/ros1_bridge.dir/generated/turtlesim__srv__Kill__factories.cpp.o
[186.678s] [ 90%] Building CXX object CMakeFiles/ros1_bridge.dir/generated/turtlesim__srv__SetPen__factories.cpp.o
[187.679s] [ 90%] Building CXX object CMakeFiles/ros1_bridge.dir/generated/turtlesim__srv__Spawn__factories.cpp.o
[187.786s] [ 90%] Building CXX object CMakeFiles/ros1_bridge.dir/generated/turtlesim__srv__TeleportAbsolute__factories.cpp.o
[188.089s] [ 91%] Building CXX object CMakeFiles/ros1_bridge.dir/generated/turtlesim__srv__TeleportRelative__factories.cpp.o
[191.162s] [ 91%] Building CXX object CMakeFiles/ros1_bridge.dir/generated/unique_identifier_msgs_factories.cpp.o
[191.235s] [ 91%] Building CXX object CMakeFiles/ros1_bridge.dir/generated/unique_identifier_msgs__msg__UUID__factories.cpp.o
[196.456s] [ 92%] Building CXX object CMakeFiles/ros1_bridge.dir/generated/visualization_msgs_factories.cpp.o
[198.130s] [ 92%] Building CXX object CMakeFiles/ros1_bridge.dir/generated/visualization_msgs__msg__ImageMarker__factories.cpp.o
[198.989s] [ 92%] Building CXX object CMakeFiles/ros1_bridge.dir/generated/visualization_msgs__msg__InteractiveMarker__factories.cpp.o
[199.507s] [ 93%] Building CXX object CMakeFiles/ros1_bridge.dir/generated/visualization_msgs__msg__InteractiveMarkerControl__factories.cpp.o
[200.961s] [ 93%] Building CXX object CMakeFiles/ros1_bridge.dir/generated/visualization_msgs__msg__InteractiveMarkerFeedback__factories.cpp.o
[201.324s] [ 93%] Building CXX object CMakeFiles/ros1_bridge.dir/generated/visualization_msgs__msg__InteractiveMarkerInit__factories.cpp.o
[202.206s] [ 94%] Building CXX object CMakeFiles/ros1_bridge.dir/generated/visualization_msgs__msg__InteractiveMarkerPose__factories.cpp.o
[202.906s] [ 94%] Building CXX object CMakeFiles/ros1_bridge.dir/generated/visualization_msgs__msg__InteractiveMarkerUpdate__factories.cpp.o
[203.221s] [ 94%] Building CXX object CMakeFiles/ros1_bridge.dir/generated/visualization_msgs__msg__Marker__factories.cpp.o
[203.705s] [ 94%] Building CXX object CMakeFiles/ros1_bridge.dir/generated/visualization_msgs__msg__MarkerArray__factories.cpp.o
[204.074s] [ 95%] Building CXX object CMakeFiles/ros1_bridge.dir/generated/visualization_msgs__msg__MenuEntry__factories.cpp.o
[204.245s] [ 95%] Building CXX object CMakeFiles/ros1_bridge.dir/generated/visualization_msgs__msg__MeshFile__factories.cpp.o
[204.401s] [ 95%] Building CXX object CMakeFiles/ros1_bridge.dir/generated/visualization_msgs__msg__UVCoordinate__factories.cpp.o
[204.663s] [ 96%] Building CXX object CMakeFiles/ros1_bridge.dir/generated/visualization_msgs__srv__GetInteractiveMarkers__factories.cpp.o
[232.952s] [ 96%] Linking CXX shared library libros1_bridge.so
[247.588s] [ 96%] Built target ros1_bridge
[247.628s] [ 96%] Building CXX object CMakeFiles/action_bridge.dir/src/action_bridge.cpp.o
[247.628s] [ 96%] Building CXX object CMakeFiles/dynamic_bridge.dir/src/dynamic_bridge.cpp.o
[247.630s] [ 96%] Building CXX object CMakeFiles/test_convert_generic.dir/test/test_convert_generic.cpp.o
[247.632s] [ 96%] Building CXX object CMakeFiles/static_bridge.dir/src/static_bridge.cpp.o
[247.635s] [ 96%] Building CXX object CMakeFiles/parameter_bridge.dir/src/parameter_bridge.cpp.o
[247.635s] [ 96%] Building CXX object CMakeFiles/test_ros2_to_ros1_serialization.dir/test/test_ros2_to_ros1_serialization.cpp.o
[255.527s] [ 97%] Linking CXX executable static_bridge
[255.590s] [ 97%] Linking CXX executable action_bridge
[256.334s] [ 98%] Linking CXX executable parameter_bridge
[260.984s] [ 98%] Built target action_bridge
[261.074s] [ 99%] Linking CXX executable dynamic_bridge
[261.203s] [ 99%] Built target static_bridge
[262.109s] [ 99%] Built target parameter_bridge
[266.090s] [ 99%] Built target dynamic_bridge
[302.221s] [ 99%] Linking CXX executable test_convert_generic
[306.879s] [100%] Linking CXX executable test_ros2_to_ros1_serialization
[307.892s] [100%] Built target test_convert_generic
[312.103s] [100%] Built target test_ros2_to_ros1_serialization
[312.133s] Invoked command in '/ros-humble-ros1-bridge/build/ros1_bridge' returned '0': CMAKE_PREFIX_PATH=/opt/ros/humble:${CMAKE_PREFIX_PATH} /usr/bin/cmake --build /ros-humble-ros1-bridge/build/ros1_bridge
[312.152s] Invoking command in '/ros-humble-ros1-bridge/build/ros1_bridge': CMAKE_PREFIX_PATH=/opt/ros/humble:${CMAKE_PREFIX_PATH} /usr/bin/cmake --install /ros-humble-ros1-bridge/build/ros1_bridge
[312.172s] -- Install configuration: "Release"
[312.173s] -- Installing: /ros-humble-ros1-bridge/install/ros1_bridge/share/ros1_bridge/environment/library_path.sh
[312.173s] -- Installing: /ros-humble-ros1-bridge/install/ros1_bridge/share/ros1_bridge/environment/library_path.dsv
[312.174s] -- Installing: /ros-humble-ros1-bridge/install/ros1_bridge/share/ros1_bridge/environment/pythonpath.sh
[312.174s] -- Installing: /ros-humble-ros1-bridge/install/ros1_bridge/share/ros1_bridge/environment/pythonpath.dsv
[312.174s] -- Installing: /ros-humble-ros1-bridge/install/ros1_bridge/local/lib/python3.10/dist-packages/ros1_bridge-0.10.3-py3.10.egg-info
[312.174s] -- Installing: /ros-humble-ros1-bridge/install/ros1_bridge/local/lib/python3.10/dist-packages/ros1_bridge-0.10.3-py3.10.egg-info/SOURCES.txt
[312.175s] -- Installing: /ros-humble-ros1-bridge/install/ros1_bridge/local/lib/python3.10/dist-packages/ros1_bridge-0.10.3-py3.10.egg-info/PKG-INFO
[312.175s] -- Installing: /ros-humble-ros1-bridge/install/ros1_bridge/local/lib/python3.10/dist-packages/ros1_bridge-0.10.3-py3.10.egg-info/dependency_links.txt
[312.175s] -- Installing: /ros-humble-ros1-bridge/install/ros1_bridge/local/lib/python3.10/dist-packages/ros1_bridge-0.10.3-py3.10.egg-info/top_level.txt
[312.175s] -- Installing: /ros-humble-ros1-bridge/install/ros1_bridge/local/lib/python3.10/dist-packages/ros1_bridge
[312.175s] -- Installing: /ros-humble-ros1-bridge/install/ros1_bridge/local/lib/python3.10/dist-packages/ros1_bridge/__init__.py
[312.232s] Listing '/ros-humble-ros1-bridge/install/ros1_bridge/local/lib/python3.10/dist-packages/ros1_bridge'...
[312.233s] Compiling '/ros-humble-ros1-bridge/install/ros1_bridge/local/lib/python3.10/dist-packages/ros1_bridge/__init__.py'...
[312.239s] -- Installing: /ros-humble-ros1-bridge/install/ros1_bridge/share/ament_index/resource_index/package_run_dependencies/ros1_bridge
[312.240s] -- Installing: /ros-humble-ros1-bridge/install/ros1_bridge/share/ament_index/resource_index/parent_prefix_path/ros1_bridge
[312.241s] -- Installing: /ros-humble-ros1-bridge/install/ros1_bridge/share/ros1_bridge/environment/ament_prefix_path.sh
[312.242s] -- Installing: /ros-humble-ros1-bridge/install/ros1_bridge/share/ros1_bridge/environment/ament_prefix_path.dsv
[312.243s] -- Installing: /ros-humble-ros1-bridge/install/ros1_bridge/share/ros1_bridge/environment/path.sh
[312.244s] -- Installing: /ros-humble-ros1-bridge/install/ros1_bridge/share/ros1_bridge/environment/path.dsv
[312.244s] -- Installing: /ros-humble-ros1-bridge/install/ros1_bridge/share/ros1_bridge/local_setup.bash
[312.244s] -- Installing: /ros-humble-ros1-bridge/install/ros1_bridge/share/ros1_bridge/local_setup.sh
[312.245s] -- Installing: /ros-humble-ros1-bridge/install/ros1_bridge/share/ros1_bridge/local_setup.zsh
[312.246s] -- Installing: /ros-humble-ros1-bridge/install/ros1_bridge/share/ros1_bridge/local_setup.dsv
[312.246s] -- Installing: /ros-humble-ros1-bridge/install/ros1_bridge/share/ros1_bridge/package.dsv
[312.246s] -- Installing: /ros-humble-ros1-bridge/install/ros1_bridge/share/ament_index/resource_index/packages/ros1_bridge
[312.247s] -- Installing: /ros-humble-ros1-bridge/install/ros1_bridge/share/ros1_bridge/cmake/find_ros1_package.cmake
[312.247s] -- Installing: /ros-humble-ros1-bridge/install/ros1_bridge/share/ros1_bridge/cmake/find_ros1_interface_packages.cmake
[312.247s] -- Installing: /ros-humble-ros1-bridge/install/ros1_bridge/share/ros1_bridge/cmake/ament_cmake_export_include_directories-extras.cmake
[312.247s] -- Installing: /ros-humble-ros1-bridge/install/ros1_bridge/share/ros1_bridge/cmake/ament_cmake_export_libraries-extras.cmake
[312.248s] -- Installing: /ros-humble-ros1-bridge/install/ros1_bridge/share/ros1_bridge/cmake/ros1_bridgeConfig.cmake
[312.248s] -- Installing: /ros-humble-ros1-bridge/install/ros1_bridge/share/ros1_bridge/cmake/ros1_bridgeConfig-version.cmake
[312.248s] -- Installing: /ros-humble-ros1-bridge/install/ros1_bridge/share/ros1_bridge/package.xml
[312.249s] -- Installing: /ros-humble-ros1-bridge/install/ros1_bridge/lib/ros1_bridge/simple_bridge_1_to_2
[312.250s] -- Set runtime path of "/ros-humble-ros1-bridge/install/ros1_bridge/lib/ros1_bridge/simple_bridge_1_to_2" to ""
[312.250s] -- Installing: /ros-humble-ros1-bridge/install/ros1_bridge/lib/ros1_bridge/simple_bridge_2_to_1
[312.252s] -- Set runtime path of "/ros-humble-ros1-bridge/install/ros1_bridge/lib/ros1_bridge/simple_bridge_2_to_1" to ""
[312.252s] -- Installing: /ros-humble-ros1-bridge/install/ros1_bridge/lib/ros1_bridge/simple_bridge
[312.254s] -- Set runtime path of "/ros-humble-ros1-bridge/install/ros1_bridge/lib/ros1_bridge/simple_bridge" to ""
[312.255s] -- Installing: /ros-humble-ros1-bridge/install/ros1_bridge/lib/libros1_bridge.so
[312.431s] -- Set runtime path of "/ros-humble-ros1-bridge/install/ros1_bridge/lib/libros1_bridge.so" to ""
[312.431s] -- Installing: /ros-humble-ros1-bridge/install/ros1_bridge/lib/ros1_bridge/static_bridge
[312.431s] -- Set runtime path of "/ros-humble-ros1-bridge/install/ros1_bridge/lib/ros1_bridge/static_bridge" to ""
[312.432s] -- Installing: /ros-humble-ros1-bridge/install/ros1_bridge/lib/ros1_bridge/action_bridge
[312.432s] -- Set runtime path of "/ros-humble-ros1-bridge/install/ros1_bridge/lib/ros1_bridge/action_bridge" to ""
[312.433s] -- Installing: /ros-humble-ros1-bridge/install/ros1_bridge/lib/ros1_bridge/parameter_bridge
[312.434s] -- Set runtime path of "/ros-humble-ros1-bridge/install/ros1_bridge/lib/ros1_bridge/parameter_bridge" to ""
[312.434s] -- Installing: /ros-humble-ros1-bridge/install/ros1_bridge/lib/ros1_bridge/dynamic_bridge
[312.435s] -- Set runtime path of "/ros-humble-ros1-bridge/install/ros1_bridge/lib/ros1_bridge/dynamic_bridge" to ""
[312.435s] -- Installing: /ros-humble-ros1-bridge/install/ros1_bridge/lib/ros1_bridge/test_ros2_client_cpp
[312.436s] -- Set runtime path of "/ros-humble-ros1-bridge/install/ros1_bridge/lib/ros1_bridge/test_ros2_client_cpp" to ""
[312.436s] -- Installing: /ros-humble-ros1-bridge/install/ros1_bridge/lib/ros1_bridge/test_ros2_server_cpp
[312.438s] -- Set runtime path of "/ros-humble-ros1-bridge/install/ros1_bridge/lib/ros1_bridge/test_ros2_server_cpp" to ""
[312.438s] -- Installing: /ros-humble-ros1-bridge/install/ros1_bridge/lib/ros1_bridge/generate_factories/ros1_bridge_generate_factories
[312.439s] -- Up-to-date: /ros-humble-ros1-bridge/install/ros1_bridge/share/ros1_bridge/cmake
[312.439s] -- Up-to-date: /ros-humble-ros1-bridge/install/ros1_bridge/share/ros1_bridge/cmake/find_ros1_interface_packages.cmake
[312.440s] -- Up-to-date: /ros-humble-ros1-bridge/install/ros1_bridge/share/ros1_bridge/cmake/find_ros1_package.cmake
[312.440s] -- Installing: /ros-humble-ros1-bridge/install/ros1_bridge/include
[312.441s] -- Installing: /ros-humble-ros1-bridge/install/ros1_bridge/include/ros1_bridge
[312.441s] -- Installing: /ros-humble-ros1-bridge/install/ros1_bridge/include/ros1_bridge/factory.hpp
[312.441s] -- Installing: /ros-humble-ros1-bridge/install/ros1_bridge/include/ros1_bridge/factory_interface.hpp
[312.441s] -- Installing: /ros-humble-ros1-bridge/install/ros1_bridge/include/ros1_bridge/bridge.hpp
[312.441s] -- Installing: /ros-humble-ros1-bridge/install/ros1_bridge/include/ros1_bridge/action_factory.hpp
[312.441s] -- Installing: /ros-humble-ros1-bridge/install/ros1_bridge/include/ros1_bridge/builtin_interfaces_factories.hpp
[312.441s] -- Installing: /ros-humble-ros1-bridge/install/ros1_bridge/include/ros1_bridge/convert_builtin_interfaces.hpp
[312.441s] -- Installing: /ros-humble-ros1-bridge/install/ros1_bridge/include/ros1_bridge/convert_decl.hpp
[312.442s] -- Installing: /ros-humble-ros1-bridge/install/ros1_bridge/share/ros1_bridge/resource
[312.442s] -- Installing: /ros-humble-ros1-bridge/install/ros1_bridge/share/ros1_bridge/resource/pkg_factories.cpp.em
[312.442s] -- Installing: /ros-humble-ros1-bridge/install/ros1_bridge/share/ros1_bridge/resource/get_factory.cpp.em
[312.442s] -- Installing: /ros-humble-ros1-bridge/install/ros1_bridge/share/ros1_bridge/resource/interface_factories.cpp.em
[312.442s] -- Installing: /ros-humble-ros1-bridge/install/ros1_bridge/share/ros1_bridge/resource/pkg_factories.hpp.em
[312.442s] -- Installing: /ros-humble-ros1-bridge/install/ros1_bridge/share/ros1_bridge/resource/get_mappings.cpp.em
[312.445s] Invoked command in '/ros-humble-ros1-bridge/build/ros1_bridge' returned '0': CMAKE_PREFIX_PATH=/opt/ros/humble:${CMAKE_PREFIX_PATH} /usr/bin/cmake --install /ros-humble-ros1-bridge/build/ros1_bridge
